E, [2020-03-28T18:14:32.421979 #1365] ERROR -- Kitchen: ------Exception-------
E, [2020-03-28T18:14:32.422067 #1365] ERROR -- Kitchen: Class: Kitchen::UserError
E, [2020-03-28T18:14:32.422091 #1365] ERROR -- Kitchen: Message: Kitchen YAML file /Users/jim.speir/Projects/gibbon-chef/kitchen.yml does not exist.
E, [2020-03-28T18:14:32.422124 #1365] ERROR -- Kitchen: ----------------------
E, [2020-03-28T18:14:32.422140 #1365] ERROR -- Kitchen: ------Backtrace-------
E, [2020-03-28T18:14:32.422154 #1365] ERROR -- Kitchen: /usr/local/lib/ruby/gems/2.6.0/gems/test-kitchen-2.4.0/lib/kitchen/loader/yaml.rb:65:in `read'
E, [2020-03-28T18:14:32.422169 #1365] ERROR -- Kitchen: /usr/local/lib/ruby/gems/2.6.0/gems/test-kitchen-2.4.0/lib/kitchen/config.rb:154:in `data'
E, [2020-03-28T18:14:32.422204 #1365] ERROR -- Kitchen: /usr/local/lib/ruby/gems/2.6.0/gems/test-kitchen-2.4.0/lib/kitchen/config.rb:132:in `suites'
E, [2020-03-28T18:14:32.422221 #1365] ERROR -- Kitchen: /usr/local/lib/ruby/gems/2.6.0/gems/test-kitchen-2.4.0/lib/kitchen/config.rb:184:in `filter_instances'
E, [2020-03-28T18:14:32.422237 #1365] ERROR -- Kitchen: /usr/local/lib/ruby/gems/2.6.0/gems/test-kitchen-2.4.0/lib/kitchen/config.rb:143:in `build_instances'
E, [2020-03-28T18:14:32.422253 #1365] ERROR -- Kitchen: /usr/local/lib/ruby/gems/2.6.0/gems/test-kitchen-2.4.0/lib/kitchen/config.rb:117:in `instances'
E, [2020-03-28T18:14:32.422269 #1365] ERROR -- Kitchen: /usr/local/lib/ruby/gems/2.6.0/gems/test-kitchen-2.4.0/lib/kitchen/command.rb:112:in `filtered_instances'
E, [2020-03-28T18:14:32.422299 #1365] ERROR -- Kitchen: /usr/local/lib/ruby/gems/2.6.0/gems/test-kitchen-2.4.0/lib/kitchen/command.rb:142:in `parse_subcommand'
E, [2020-03-28T18:14:32.422336 #1365] ERROR -- Kitchen: /usr/local/lib/ruby/gems/2.6.0/gems/test-kitchen-2.4.0/lib/kitchen/command/list.rb:30:in `call'
E, [2020-03-28T18:14:32.422351 #1365] ERROR -- Kitchen: /usr/local/lib/ruby/gems/2.6.0/gems/test-kitchen-2.4.0/lib/kitchen/cli.rb:52:in `perform'
E, [2020-03-28T18:14:32.422381 #1365] ERROR -- Kitchen: /usr/local/lib/ruby/gems/2.6.0/gems/test-kitchen-2.4.0/lib/kitchen/cli.rb:120:in `list'
E, [2020-03-28T18:14:32.422395 #1365] ERROR -- Kitchen: /usr/local/lib/ruby/gems/2.6.0/gems/thor-0.19.1/lib/thor/command.rb:27:in `run'
E, [2020-03-28T18:14:32.422410 #1365] ERROR -- Kitchen: /usr/local/lib/ruby/gems/2.6.0/gems/thor-0.19.1/lib/thor/invocation.rb:126:in `invoke_command'
E, [2020-03-28T18:14:32.422425 #1365] ERROR -- Kitchen: /usr/local/lib/ruby/gems/2.6.0/gems/thor-0.19.1/lib/thor.rb:359:in `dispatch'
E, [2020-03-28T18:14:32.422440 #1365] ERROR -- Kitchen: /usr/local/lib/ruby/gems/2.6.0/gems/thor-0.19.1/lib/thor/base.rb:440:in `start'
E, [2020-03-28T18:14:32.422454 #1365] ERROR -- Kitchen: /usr/local/lib/ruby/gems/2.6.0/gems/test-kitchen-2.4.0/bin/kitchen:13:in `block in <top (required)>'
E, [2020-03-28T18:14:32.422469 #1365] ERROR -- Kitchen: /usr/local/lib/ruby/gems/2.6.0/gems/test-kitchen-2.4.0/lib/kitchen/errors.rb:171:in `with_friendly_errors'
E, [2020-03-28T18:14:32.422483 #1365] ERROR -- Kitchen: /usr/local/lib/ruby/gems/2.6.0/gems/test-kitchen-2.4.0/bin/kitchen:13:in `<top (required)>'
E, [2020-03-28T18:14:32.422498 #1365] ERROR -- Kitchen: /usr/local/lib/ruby/gems/2.6.0/bin/kitchen:23:in `load'
E, [2020-03-28T18:14:32.422512 #1365] ERROR -- Kitchen: /usr/local/lib/ruby/gems/2.6.0/bin/kitchen:23:in `<top (required)>'
E, [2020-03-28T18:14:32.422527 #1365] ERROR -- Kitchen: /usr/local/lib/ruby/gems/2.6.0/gems/bundler-2.1.4/lib/bundler/cli/exec.rb:63:in `load'
E, [2020-03-28T18:14:32.422542 #1365] ERROR -- Kitchen: /usr/local/lib/ruby/gems/2.6.0/gems/bundler-2.1.4/lib/bundler/cli/exec.rb:63:in `kernel_load'
E, [2020-03-28T18:14:32.422557 #1365] ERROR -- Kitchen: /usr/local/lib/ruby/gems/2.6.0/gems/bundler-2.1.4/lib/bundler/cli/exec.rb:28:in `run'
E, [2020-03-28T18:14:32.422571 #1365] ERROR -- Kitchen: /usr/local/lib/ruby/gems/2.6.0/gems/bundler-2.1.4/lib/bundler/cli.rb:476:in `exec'
E, [2020-03-28T18:14:32.422586 #1365] ERROR -- Kitchen: /usr/local/lib/ruby/gems/2.6.0/gems/bundler-2.1.4/lib/bundler/vendor/thor/lib/thor/command.rb:27:in `run'
E, [2020-03-28T18:14:32.422609 #1365] ERROR -- Kitchen: /usr/local/lib/ruby/gems/2.6.0/gems/bundler-2.1.4/lib/bundler/vendor/thor/lib/thor/invocation.rb:127:in `invoke_command'
E, [2020-03-28T18:14:32.422623 #1365] ERROR -- Kitchen: /usr/local/lib/ruby/gems/2.6.0/gems/bundler-2.1.4/lib/bundler/vendor/thor/lib/thor.rb:399:in `dispatch'
E, [2020-03-28T18:14:32.422635 #1365] ERROR -- Kitchen: /usr/local/lib/ruby/gems/2.6.0/gems/bundler-2.1.4/lib/bundler/cli.rb:30:in `dispatch'
E, [2020-03-28T18:14:32.422647 #1365] ERROR -- Kitchen: /usr/local/lib/ruby/gems/2.6.0/gems/bundler-2.1.4/lib/bundler/vendor/thor/lib/thor/base.rb:476:in `start'
E, [2020-03-28T18:14:32.422659 #1365] ERROR -- Kitchen: /usr/local/lib/ruby/gems/2.6.0/gems/bundler-2.1.4/lib/bundler/cli.rb:24:in `start'
E, [2020-03-28T18:14:32.422672 #1365] ERROR -- Kitchen: /usr/local/lib/ruby/gems/2.6.0/gems/bundler-2.1.4/exe/bundle:46:in `block in <top (required)>'
E, [2020-03-28T18:14:32.422684 #1365] ERROR -- Kitchen: /usr/local/lib/ruby/gems/2.6.0/gems/bundler-2.1.4/lib/bundler/friendly_errors.rb:123:in `with_friendly_errors'
E, [2020-03-28T18:14:32.422696 #1365] ERROR -- Kitchen: /usr/local/lib/ruby/gems/2.6.0/gems/bundler-2.1.4/exe/bundle:34:in `<top (required)>'
E, [2020-03-28T18:14:32.422708 #1365] ERROR -- Kitchen: /usr/local/opt/ruby/bin/bundle:23:in `load'
E, [2020-03-28T18:14:32.422720 #1365] ERROR -- Kitchen: /usr/local/opt/ruby/bin/bundle:23:in `<main>'
E, [2020-03-28T18:14:32.422731 #1365] ERROR -- Kitchen: ----End Backtrace-----
